# JRE version: OpenJDK Runtime Environment (7.0_101) (build 1.7.0_101-b00)
# Java VM: OpenJDK 64-Bit Server VM (24.95-b01 mixed mode linux-amd64 compressed oops)
Heap
 PSYoungGen      total 134144K, used 5108K [0x00000007d6c80000, 0x00000007df480000, 0x0000000800000000)
  eden space 129024K, 0% used [0x00000007d6c80000,0x00000007d6c80000,0x00000007dea80000)
  from space 5120K, 99% used [0x00000007dea80000,0x00000007def7d040,0x00000007def80000)
  to   space 5120K, 0% used [0x00000007def80000,0x00000007def80000,0x00000007df480000)
 ParOldGen       total 83968K, used 47886K [0x0000000784600000, 0x0000000789800000, 0x00000007d6c80000)
  object space 83968K, 57% used [0x0000000784600000,0x00000007874c39f8,0x0000000789800000)
 PSPermGen       total 21504K, used 3814K [0x000000077a000000, 0x000000077b500000, 0x0000000784600000)
  object space 21504K, 17% used [0x000000077a000000,0x000000077a3b9990,0x000000077b500000)
GC Heap History (9 events):
Event: 0,623 GC heap before
{Heap before GC invocations=1 (full 0):
 PSYoungGen      total 37376K, used 32256K [0x00000007d6c80000, 0x00000007d9600000, 0x0000000800000000)
  eden space 32256K, 100% used [0x00000007d6c80000,0x00000007d8c00000,0x00000007d8c00000)
  from space 5120K, 0% used [0x00000007d9100000,0x00000007d9100000,0x00000007d9600000)
  to   space 5120K, 0% used [0x00000007d8c00000,0x00000007d8c00000,0x00000007d9100000)
 ParOldGen       total 83968K, used 0K [0x0000000784600000, 0x0000000789800000, 0x00000007d6c80000)
  object space 83968K, 0% used [0x0000000784600000,0x0000000784600000,0x0000000789800000)
 PSPermGen       total 21504K, used 3738K [0x000000077a000000, 0x000000077b500000, 0x0000000784600000)
  object space 21504K, 17% used [0x000000077a000000,0x000000077a3a6b50,0x000000077b500000)
Event: 0,674 GC heap after
Heap after GC invocations=1 (full 0):
 PSYoungGen      total 37376K, used 4698K [0x00000007d6c80000, 0x00000007db580000, 0x0000000800000000)
  eden space 32256K, 0% used [0x00000007d6c80000,0x00000007d6c80000,0x00000007d8c00000)
  from space 5120K, 91% used [0x00000007d8c00000,0x00000007d9096918,0x00000007d9100000)
  to   space 5120K, 0% used [0x00000007db080000,0x00000007db080000,0x00000007db580000)
 ParOldGen       total 83968K, used 8K [0x0000000784600000, 0x0000000789800000, 0x00000007d6c80000)
  object space 83968K, 0% used [0x0000000784600000,0x0000000784602000,0x0000000789800000)
 PSPermGen       total 21504K, used 3738K [0x000000077a000000, 0x000000077b500000, 0x0000000784600000)
  object space 21504K, 17% used [0x000000077a000000,0x000000077a3a6b50,0x000000077b500000)
}
Event: 0,856 GC heap before
{Heap before GC invocations=2 (full 0):
 PSYoungGen      total 37376K, used 36954K [0x00000007d6c80000, 0x00000007db580000, 0x0000000800000000)
  eden space 32256K, 100% used [0x00000007d6c80000,0x00000007d8c00000,0x00000007d8c00000)
  from space 5120K, 91% used [0x00000007d8c00000,0x00000007d9096918,0x00000007d9100000)
  to   space 5120K, 0% used [0x00000007db080000,0x00000007db080000,0x00000007db580000)
 ParOldGen       total 83968K, used 8K [0x0000000784600000, 0x0000000789800000, 0x00000007d6c80000)
  object space 83968K, 0% used [0x0000000784600000,0x0000000784602000,0x0000000789800000)
 PSPermGen       total 21504K, used 3761K [0x000000077a000000, 0x000000077b500000, 0x0000000784600000)
  object space 21504K, 17% used [0x000000077a000000,0x000000077a3ac460,0x000000077b500000)
Event: 0,890 GC heap after
Heap after GC invocations=2 (full 0):
 PSYoungGen      total 69632K, used 5114K [0x00000007d6c80000, 0x00000007db580000, 0x0000000800000000)
  eden space 64512K, 0% used [0x00000007d6c80000,0x00000007d6c80000,0x00000007dab80000)
  from space 5120K, 99% used [0x00000007db080000,0x00000007db57e930,0x00000007db580000)
  to   space 5120K, 0% used [0x00000007dab80000,0x00000007dab80000,0x00000007db080000)
 ParOldGen       total 83968K, used 2390K [0x0000000784600000, 0x0000000789800000, 0x00000007d6c80000)
  object space 83968K, 2% used [0x0000000784600000,0x00000007848558b0,0x0000000789800000)
 PSPermGen       total 21504K, used 3761K [0x000000077a000000, 0x000000077b500000, 0x0000000784600000)
  object space 21504K, 17% used [0x000000077a000000,0x000000077a3ac460,0x000000077b500000)
}
Event: 1,291 GC heap before
{Heap before GC invocations=3 (full 0):
 PSYoungGen      total 69632K, used 69626K [0x00000007d6c80000, 0x00000007db580000, 0x0000000800000000)
  eden space 64512K, 100% used [0x00000007d6c80000,0x00000007dab80000,0x00000007dab80000)
  from space 5120K, 99% used [0x00000007db080000,0x00000007db57e930,0x00000007db580000)
  to   space 5120K, 0% used [0x00000007dab80000,0x00000007dab80000,0x00000007db080000)
 ParOldGen       total 83968K, used 2390K [0x0000000784600000, 0x0000000789800000, 0x00000007d6c80000)
  object space 83968K, 2% used [0x0000000784600000,0x00000007848558b0,0x0000000789800000)
 PSPermGen       total 21504K, used 3779K [0x000000077a000000, 0x000000077b500000, 0x0000000784600000)
  object space 21504K, 17% used [0x000000077a000000,0x000000077a3b0e10,0x000000077b500000)
Event: 1,308 GC heap after
Heap after GC invocations=3 (full 0):
 PSYoungGen      total 69632K, used 5108K [0x00000007d6c80000, 0x00000007df480000, 0x0000000800000000)
  eden space 64512K, 0% used [0x00000007d6c80000,0x00000007d6c80000,0x00000007dab80000)
  from space 5120K, 99% used [0x00000007dab80000,0x00000007db07d060,0x00000007db080000)
  to   space 5120K, 0% used [0x00000007def80000,0x00000007def80000,0x00000007df480000)
 ParOldGen       total 83968K, used 11436K [0x0000000784600000, 0x0000000789800000, 0x00000007d6c80000)
  object space 83968K, 13% used [0x0000000784600000,0x000000078512b120,0x0000000789800000)
 PSPermGen       total 21504K, used 3779K [0x000000077a000000, 0x000000077b500000, 0x0000000784600000)
  object space 21504K, 17% used [0x000000077a000000,0x000000077a3b0e10,0x000000077b500000)
}
Event: 1,563 GC heap before
{Heap before GC invocations=4 (full 0):
 PSYoungGen      total 69632K, used 69620K [0x00000007d6c80000, 0x00000007df480000, 0x0000000800000000)
  eden space 64512K, 100% used [0x00000007d6c80000,0x00000007dab80000,0x00000007dab80000)
  from space 5120K, 99% used [0x00000007dab80000,0x00000007db07d060,0x00000007db080000)
  to   space 5120K, 0% used [0x00000007def80000,0x00000007def80000,0x00000007df480000)
 ParOldGen       total 83968K, used 11436K [0x0000000784600000, 0x0000000789800000, 0x00000007d6c80000)
  object space 83968K, 13% used [0x0000000784600000,0x000000078512b120,0x0000000789800000)
 PSPermGen       total 21504K, used 3809K [0x000000077a000000, 0x000000077b500000, 0x0000000784600000)
  object space 21504K, 17% used [0x000000077a000000,0x000000077a3b8420,0x000000077b500000)
Event: 1,667 GC heap after
Heap after GC invocations=4 (full 0):
 PSYoungGen      total 134144K, used 5088K [0x00000007d6c80000, 0x00000007df480000, 0x0000000800000000)
  eden space 129024K, 0% used [0x00000007d6c80000,0x00000007d6c80000,0x00000007dea80000)
  from space 5120K, 99% used [0x00000007def80000,0x00000007df478050,0x00000007df480000)
  to   space 5120K, 0% used [0x00000007dea80000,0x00000007dea80000,0x00000007def80000)
 ParOldGen       total 83968K, used 22615K [0x0000000784600000, 0x0000000789800000, 0x00000007d6c80000)
  object space 83968K, 26% used [0x0000000784600000,0x0000000785c15ff8,0x0000000789800000)
 PSPermGen       total 21504K, used 3809K [0x000000077a000000, 0x000000077b500000, 0x0000000784600000)
  object space 21504K, 17% used [0x000000077a000000,0x000000077a3b8420,0x000000077b500000)
}
Event: 2,185 GC heap before
{Heap before GC invocations=5 (full 0):
 PSYoungGen      total 134144K, used 134112K [0x00000007d6c80000, 0x00000007df480000, 0x0000000800000000)
  eden space 129024K, 100% used [0x00000007d6c80000,0x00000007dea80000,0x00000007dea80000)
  from space 5120K, 99% used [0x00000007def80000,0x00000007df478050,0x00000007df480000)
  to   space 5120K, 0% used [0x00000007dea80000,0x00000007dea80000,0x00000007def80000)
 ParOldGen       total 83968K, used 22615K [0x0000000784600000, 0x0000000789800000, 0x00000007d6c80000)
  object space 83968K, 26% used [0x0000000784600000,0x0000000785c15ff8,0x0000000789800000)
 PSPermGen       total 21504K, used 3814K [0x000000077a000000, 0x000000077b500000, 0x0000000784600000)
  object space 21504K, 17% used [0x000000077a000000,0x000000077a3b9990,0x000000077b500000)

