# JRE version: OpenJDK Runtime Environment (7.0_101) (build 1.7.0_101-b00)
# Java VM: OpenJDK 64-Bit Server VM (24.95-b01 mixed mode linux-amd64 compressed oops)
Heap
 PSYoungGen      total 134144K, used 5108K [0x00000007d6c80000, 0x00000007df480000, 0x0000000800000000)
  eden space 129024K, 0% used [0x00000007d6c80000,0x00000007d6c80000,0x00000007dea80000)
  from space 5120K, 99% used [0x00000007dea80000,0x00000007def7d030,0x00000007def80000)
  to   space 5120K, 0% used [0x00000007def80000,0x00000007def80000,0x00000007df480000)
 ParOldGen       total 83968K, used 48356K [0x0000000784600000, 0x0000000789800000, 0x00000007d6c80000)
  object space 83968K, 57% used [0x0000000784600000,0x0000000787539038,0x0000000789800000)
 PSPermGen       total 21504K, used 3812K [0x000000077a000000, 0x000000077b500000, 0x0000000784600000)
  object space 21504K, 17% used [0x000000077a000000,0x000000077a3b9320,0x000000077b500000)
GC Heap History (9 events):
Event: 0,591 GC heap before
{Heap before GC invocations=1 (full 0):
 PSYoungGen      total 37376K, used 32256K [0x00000007d6c80000, 0x00000007d9600000, 0x0000000800000000)
  eden space 32256K, 100% used [0x00000007d6c80000,0x00000007d8c00000,0x00000007d8c00000)
  from space 5120K, 0% used [0x00000007d9100000,0x00000007d9100000,0x00000007d9600000)
  to   space 5120K, 0% used [0x00000007d8c00000,0x00000007d8c00000,0x00000007d9100000)
 ParOldGen       total 83968K, used 0K [0x0000000784600000, 0x0000000789800000, 0x00000007d6c80000)
  object space 83968K, 0% used [0x0000000784600000,0x0000000784600000,0x0000000789800000)
 PSPermGen       total 21504K, used 3738K [0x000000077a000000, 0x000000077b500000, 0x0000000784600000)
  object space 21504K, 17% used [0x000000077a000000,0x000000077a3a6b70,0x000000077b500000)
Event: 0,598 GC heap after
Heap after GC invocations=1 (full 0):
 PSYoungGen      total 37376K, used 4703K [0x00000007d6c80000, 0x00000007db580000, 0x0000000800000000)
  eden space 32256K, 0% used [0x00000007d6c80000,0x00000007d6c80000,0x00000007d8c00000)
  from space 5120K, 91% used [0x00000007d8c00000,0x00000007d9097fd0,0x00000007d9100000)
  to   space 5120K, 0% used [0x00000007db080000,0x00000007db080000,0x00000007db580000)
 ParOldGen       total 83968K, used 8K [0x0000000784600000, 0x0000000789800000, 0x00000007d6c80000)
  object space 83968K, 0% used [0x0000000784600000,0x0000000784602000,0x0000000789800000)
 PSPermGen       total 21504K, used 3738K [0x000000077a000000, 0x000000077b500000, 0x0000000784600000)
  object space 21504K, 17% used [0x000000077a000000,0x000000077a3a6b70,0x000000077b500000)
}
Event: 0,743 GC heap before
{Heap before GC invocations=2 (full 0):
 PSYoungGen      total 37376K, used 36959K [0x00000007d6c80000, 0x00000007db580000, 0x0000000800000000)
  eden space 32256K, 100% used [0x00000007d6c80000,0x00000007d8c00000,0x00000007d8c00000)
  from space 5120K, 91% used [0x00000007d8c00000,0x00000007d9097fd0,0x00000007d9100000)
  to   space 5120K, 0% used [0x00000007db080000,0x00000007db080000,0x00000007db580000)
 ParOldGen       total 83968K, used 8K [0x0000000784600000, 0x0000000789800000, 0x00000007d6c80000)
  object space 83968K, 0% used [0x0000000784600000,0x0000000784602000,0x0000000789800000)
 PSPermGen       total 21504K, used 3760K [0x000000077a000000, 0x000000077b500000, 0x0000000784600000)
  object space 21504K, 17% used [0x000000077a000000,0x000000077a3ac330,0x000000077b500000)
Event: 0,754 GC heap after
Heap after GC invocations=2 (full 0):
 PSYoungGen      total 69632K, used 5108K [0x00000007d6c80000, 0x00000007db580000, 0x0000000800000000)
  eden space 64512K, 0% used [0x00000007d6c80000,0x00000007d6c80000,0x00000007dab80000)
  from space 5120K, 99% used [0x00000007db080000,0x00000007db57d360,0x00000007db580000)
  to   space 5120K, 0% used [0x00000007dab80000,0x00000007dab80000,0x00000007db080000)
 ParOldGen       total 83968K, used 2407K [0x0000000784600000, 0x0000000789800000, 0x00000007d6c80000)
  object space 83968K, 2% used [0x0000000784600000,0x0000000784859db8,0x0000000789800000)
 PSPermGen       total 21504K, used 3760K [0x000000077a000000, 0x000000077b500000, 0x0000000784600000)
  object space 21504K, 17% used [0x000000077a000000,0x000000077a3ac330,0x000000077b500000)
}
Event: 1,042 GC heap before
{Heap before GC invocations=3 (full 0):
 PSYoungGen      total 69632K, used 69620K [0x00000007d6c80000, 0x00000007db580000, 0x0000000800000000)
  eden space 64512K, 100% used [0x00000007d6c80000,0x00000007dab80000,0x00000007dab80000)
  from space 5120K, 99% used [0x00000007db080000,0x00000007db57d360,0x00000007db580000)
  to   space 5120K, 0% used [0x00000007dab80000,0x00000007dab80000,0x00000007db080000)
 ParOldGen       total 83968K, used 2407K [0x0000000784600000, 0x0000000789800000, 0x00000007d6c80000)
  object space 83968K, 2% used [0x0000000784600000,0x0000000784859db8,0x0000000789800000)
 PSPermGen       total 21504K, used 3778K [0x000000077a000000, 0x000000077b500000, 0x0000000784600000)
  object space 21504K, 17% used [0x000000077a000000,0x000000077a3b08b8,0x000000077b500000)
Event: 1,075 GC heap after
Heap after GC invocations=3 (full 0):
 PSYoungGen      total 69632K, used 5108K [0x00000007d6c80000, 0x00000007df480000, 0x0000000800000000)
  eden space 64512K, 0% used [0x00000007d6c80000,0x00000007d6c80000,0x00000007dab80000)
  from space 5120K, 99% used [0x00000007dab80000,0x00000007db07d060,0x00000007db080000)
  to   space 5120K, 0% used [0x00000007def80000,0x00000007def80000,0x00000007df480000)
 ParOldGen       total 83968K, used 11360K [0x0000000784600000, 0x0000000789800000, 0x00000007d6c80000)
  object space 83968K, 13% used [0x0000000784600000,0x0000000785118168,0x0000000789800000)
 PSPermGen       total 21504K, used 3778K [0x000000077a000000, 0x000000077b500000, 0x0000000784600000)
  object space 21504K, 17% used [0x000000077a000000,0x000000077a3b08b8,0x000000077b500000)
}
Event: 1,324 GC heap before
{Heap before GC invocations=4 (full 0):
 PSYoungGen      total 69632K, used 69620K [0x00000007d6c80000, 0x00000007df480000, 0x0000000800000000)
  eden space 64512K, 100% used [0x00000007d6c80000,0x00000007dab80000,0x00000007dab80000)
  from space 5120K, 99% used [0x00000007dab80000,0x00000007db07d060,0x00000007db080000)
  to   space 5120K, 0% used [0x00000007def80000,0x00000007def80000,0x00000007df480000)
 ParOldGen       total 83968K, used 11360K [0x0000000784600000, 0x0000000789800000, 0x00000007d6c80000)
  object space 83968K, 13% used [0x0000000784600000,0x0000000785118168,0x0000000789800000)
 PSPermGen       total 21504K, used 3808K [0x000000077a000000, 0x000000077b500000, 0x0000000784600000)
  object space 21504K, 17% used [0x000000077a000000,0x000000077a3b8188,0x000000077b500000)
Event: 1,367 GC heap after
Heap after GC invocations=4 (full 0):
 PSYoungGen      total 134144K, used 5108K [0x00000007d6c80000, 0x00000007df480000, 0x0000000800000000)
  eden space 129024K, 0% used [0x00000007d6c80000,0x00000007d6c80000,0x00000007dea80000)
  from space 5120K, 99% used [0x00000007def80000,0x00000007df47d060,0x00000007df480000)
  to   space 5120K, 0% used [0x00000007dea80000,0x00000007dea80000,0x00000007def80000)
 ParOldGen       total 83968K, used 23015K [0x0000000784600000, 0x0000000789800000, 0x00000007d6c80000)
  object space 83968K, 27% used [0x0000000784600000,0x0000000785c79e80,0x0000000789800000)
 PSPermGen       total 21504K, used 3808K [0x000000077a000000, 0x000000077b500000, 0x0000000784600000)
  object space 21504K, 17% used [0x000000077a000000,0x000000077a3b8188,0x000000077b500000)
}
Event: 1,749 GC heap before
{Heap before GC invocations=5 (full 0):
 PSYoungGen      total 134144K, used 134132K [0x00000007d6c80000, 0x00000007df480000, 0x0000000800000000)
  eden space 129024K, 100% used [0x00000007d6c80000,0x00000007dea80000,0x00000007dea80000)
  from space 5120K, 99% used [0x00000007def80000,0x00000007df47d060,0x00000007df480000)
  to   space 5120K, 0% used [0x00000007dea80000,0x00000007dea80000,0x00000007def80000)
 ParOldGen       total 83968K, used 23015K [0x0000000784600000, 0x0000000789800000, 0x00000007d6c80000)
  object space 83968K, 27% used [0x0000000784600000,0x0000000785c79e80,0x0000000789800000)
 PSPermGen       total 21504K, used 3812K [0x000000077a000000, 0x000000077b500000, 0x0000000784600000)
  object space 21504K, 17% used [0x000000077a000000,0x000000077a3b9320,0x000000077b500000)

